<?xml version="1.0" encoding="UTF-8"?>
<testsuite xmlns:xsi="http://www.w3.org/2001/XMLSchema-instance" xsi:noNamespaceSchemaLocation="https://maven.apache.org/surefire/maven-failsafe-plugin/xsd/failsafe-test-report.xsd" name="demo.RunnerFile" time="104.139" tests="11" errors="6" skipped="0" failures="0">
  <properties>
[...]
</properties>
  <testcase name="Tạo mới danh mục thành công" classname="Tạo danh mục" time="12.674"/>
  <testcase name="Tạo mới danh mục không thành công" classname="Tạo danh mục" time="7.66"/>
  <testcase name="Thêm mã vào danh mục" classname="Tạo danh mục" time="8.456"/>
  <testcase name="Thêm mã vào danh mục không thành công" classname="Tạo danh mục" time="7.954"/>
  <testcase name="Xóa mã trong danh mục" classname="Tạo danh mục" time="8.65"/>
  <testcase name="Đặt lệnh thành công trong trường hợp mode là Normal Order và có Xác nhận" classname="Đặt lệnh" time="8.2">
    <error message="Index 8 out of bounds for length 0" type="java.lang.IndexOutOfBoundsException">java.lang.IndexOutOfBoundsException: Index 8 out of bounds for length 0
</error>
    <system-out><![CDATA[#BID>td.priceCell
]]></system-out>
    <system-err><![CDATA[[main] INFO net.thucydides.core.steps.ConsoleLoggingListener - 
TEST STARTED: ??t l?nh th?nh c?ng trong tr??ng h?p mode l? Normal Order v? c? X?c nh?n
(??t-l?nh;??t-l?nh-th?nh-c?ng-trong-tr??ng-h?p-mode-l?-normal-order-v?-c?-x?c-nh?n)
thg 9 14, 2020 11:05:12 SA org.openqa.selenium.remote.DesiredCapabilities chrome
INFO: Using `new ChromeOptions()` is preferred to `DesiredCapabilities.chrome()`
[main] INFO net.serenitybdd.core.webdriver.driverproviders.ProvideNewDriver - Instantiating driver
[main] INFO net.serenitybdd.core.webdriver.driverproviders.ProvideNewDriver - Driver capabilities: Capabilities {acceptInsecureCerts: false, browserName: chrome, chrome.switches: --start-maximized;--enable-..., goog:chromeOptions: {args: [--start-maximized, --enable-automation, --no-sandbox, --disable-popup-blocking, --disable-default-apps, --disable-infobars, --disable-gpu, --disable-extensions, --enable-automation, --test-type], extensions: []}, loggingPrefs: org.openqa.selenium.logging..., platform: ANY, version: }
Starting ChromeDriver 84.0.4147.30 (48b3e868b4cc0aa7e8149519690b6f6949e110a8-refs/branch-heads/4147@{#310}) on port 16937
Only local connections are allowed.
Please see https://chromedriver.chromium.org/security-considerations for suggestions on keeping ChromeDriver safe.
[1600056312.362][WARNING]: FromSockAddr failed on netmask
ChromeDriver was started successfully.
[1600056313.362][WARNING]: This version of ChromeDriver has not been tested with Chrome version 85.
thg 9 14, 2020 11:05:13 SA org.openqa.selenium.remote.ProtocolHandshake createSession
INFO: Detected dialect: W3C
[main] ERROR net.thucydides.core.steps.ConsoleLoggingListener - 
TEST FAILED WITH ERROR: ??t l?nh th?nh c?ng trong tr??ng h?p mode l? Normal Order v? c? X?c nh?n

[main] ERROR net.thucydides.core.steps.ConsoleLoggingListener - TEST FAILED AT STEP Double click on ticker symbol: BID
[main] ERROR net.thucydides.core.steps.ConsoleLoggingListener - Index 8 out of bounds for length 0
]]></system-err>
  </testcase>
  <testcase name="Đặt lệnh thành công trong trường hợp mode là Normal Order và không Xác nhận" classname="Đặt lệnh" time="5.52">
    <error message="Index 12 out of bounds for length 0" type="java.lang.IndexOutOfBoundsException">java.lang.IndexOutOfBoundsException: Index 12 out of bounds for length 0
</error>
    <system-out><![CDATA[#BID>td.priceCell
]]></system-out>
    <system-err><![CDATA[[main] INFO net.thucydides.core.steps.ConsoleLoggingListener - 
TEST STARTED: ??t l?nh th?nh c?ng trong tr??ng h?p mode l? Normal Order v? kh?ng X?c nh?n
(??t-l?nh;??t-l?nh-th?nh-c?ng-trong-tr??ng-h?p-mode-l?-normal-order-v?-kh?ng-x?c-nh?n)
thg 9 14, 2020 11:05:20 SA org.openqa.selenium.remote.DesiredCapabilities chrome
INFO: Using `new ChromeOptions()` is preferred to `DesiredCapabilities.chrome()`
[main] INFO net.serenitybdd.core.webdriver.driverproviders.ProvideNewDriver - Instantiating driver
[main] INFO net.serenitybdd.core.webdriver.driverproviders.ProvideNewDriver - Driver capabilities: Capabilities {acceptInsecureCerts: false, browserName: chrome, chrome.switches: --start-maximized;--enable-..., goog:chromeOptions: {args: [--start-maximized, --enable-automation, --no-sandbox, --disable-popup-blocking, --disable-default-apps, --disable-infobars, --disable-gpu, --disable-extensions, --enable-automation, --test-type], extensions: []}, loggingPrefs: org.openqa.selenium.logging..., platform: ANY, version: }
Starting ChromeDriver 84.0.4147.30 (48b3e868b4cc0aa7e8149519690b6f6949e110a8-refs/branch-heads/4147@{#310}) on port 25609
Only local connections are allowed.
Please see https://chromedriver.chromium.org/security-considerations for suggestions on keeping ChromeDriver safe.
[1600056320.562][WARNING]: FromSockAddr failed on netmask
ChromeDriver was started successfully.
[1600056321.371][WARNING]: This version of ChromeDriver has not been tested with Chrome version 85.
thg 9 14, 2020 11:05:21 SA org.openqa.selenium.remote.ProtocolHandshake createSession
INFO: Detected dialect: W3C
[main] ERROR net.thucydides.core.steps.ConsoleLoggingListener - 
TEST FAILED WITH ERROR: ??t l?nh th?nh c?ng trong tr??ng h?p mode l? Normal Order v? kh?ng X?c nh?n

[main] ERROR net.thucydides.core.steps.ConsoleLoggingListener - TEST FAILED AT STEP Double click on ticker symbol: BID
[main] ERROR net.thucydides.core.steps.ConsoleLoggingListener - Index 12 out of bounds for length 0
]]></system-err>
  </testcase>
  <testcase name="Đặt lệnh thành công trong trường hợp mode là Quick Order và có Xác nhận" classname="Đặt lệnh" time="13.985">
    <error message="java.lang.reflect.InvocationTargetException&#10;Build info: version: &apos;3.141.59&apos;, revision: &apos;e82be7d358&apos;, time: &apos;2018-11-14T08:17:03&apos;&#10;System info: host: &apos;Phuongs-Mac.local&apos;, ip: &apos;fe80:0:0:0:4ad:7742:2374:4710%en0&apos;, os.name: &apos;Mac OS X&apos;, os.arch: &apos;x86_64&apos;, os.version: &apos;10.15.6&apos;, java.version: &apos;14.0.1&apos;&#10;Driver info: driver.version: RemoteWebDriver" type="org.openqa.selenium.json.JsonException">org.openqa.selenium.json.JsonException: 
java.lang.reflect.InvocationTargetException
Build info: version: '3.141.59', revision: 'e82be7d358', time: '2018-11-14T08:17:03'
System info: host: 'Phuongs-Mac.local', ip: 'fe80:0:0:0:4ad:7742:2374:4710%en0', os.name: 'Mac OS X', os.arch: 'x86_64', os.version: '10.15.6', java.version: '14.0.1'
Driver info: driver.version: RemoteWebDriver
Caused by: java.lang.reflect.InvocationTargetException
Caused by: org.openqa.selenium.NoSuchElementException: 
no such element: Unable to locate element: {"method":"xpath","selector":"//button[contains(text(),'sau')]"}
  (Session info: chrome=85.0.4183.102)
For documentation on this error, please visit: https://www.seleniumhq.org/exceptions/no_such_element.html
Build info: version: '3.141.59', revision: 'e82be7d358', time: '2018-11-14T08:17:03'
System info: host: 'Phuongs-Mac.local', ip: 'fe80:0:0:0:4ad:7742:2374:4710%en0', os.name: 'Mac OS X', os.arch: 'x86_64', os.version: '10.15.6', java.version: '14.0.1'
Driver info: org.openqa.selenium.chrome.ChromeDriver
Capabilities {acceptInsecureCerts: false, browserName: chrome, browserVersion: 85.0.4183.102, chrome: {chromedriverVersion: 84.0.4147.30 (48b3e868b4cc0..., userDataDir: /var/folders/gy/cp_tf2_j5wn...}, goog:chromeOptions: {debuggerAddress: localhost:60774}, javascriptEnabled: true, networkConnectionEnabled: false, pageLoadStrategy: normal, platform: MAC, platformName: MAC, proxy: Proxy(), setWindowRect: true, strictFileInteractability: false, timeouts: {implicit: 0, pageLoad: 300000, script: 30000}, unhandledPromptBehavior: dismiss and notify, webauthn:virtualAuthenticators: true}
Session ID: 197bb4ce5eff9ba5a995b370a50b89b2
*** Element info: {Using=xpath, value=//button[contains(text(),'sau')]}
</error>
    <system-out><![CDATA[#BID>td.priceCell
]]></system-out>
    <system-err><![CDATA[[main] INFO net.thucydides.core.steps.ConsoleLoggingListener - 
TEST STARTED: ??t l?nh th?nh c?ng trong tr??ng h?p mode l? Quick Order v? c? X?c nh?n
(??t-l?nh;??t-l?nh-th?nh-c?ng-trong-tr??ng-h?p-mode-l?-quick-order-v?-c?-x?c-nh?n)
thg 9 14, 2020 11:05:25 SA org.openqa.selenium.remote.DesiredCapabilities chrome
INFO: Using `new ChromeOptions()` is preferred to `DesiredCapabilities.chrome()`
[main] INFO net.serenitybdd.core.webdriver.driverproviders.ProvideNewDriver - Instantiating driver
[main] INFO net.serenitybdd.core.webdriver.driverproviders.ProvideNewDriver - Driver capabilities: Capabilities {acceptInsecureCerts: false, browserName: chrome, chrome.switches: --start-maximized;--enable-..., goog:chromeOptions: {args: [--start-maximized, --enable-automation, --no-sandbox, --disable-popup-blocking, --disable-default-apps, --disable-infobars, --disable-gpu, --disable-extensions, --enable-automation, --test-type], extensions: []}, loggingPrefs: org.openqa.selenium.logging..., platform: ANY, version: }
Starting ChromeDriver 84.0.4147.30 (48b3e868b4cc0aa7e8149519690b6f6949e110a8-refs/branch-heads/4147@{#310}) on port 39184
Only local connections are allowed.
Please see https://chromedriver.chromium.org/security-considerations for suggestions on keeping ChromeDriver safe.
[1600056326.085][WARNING]: FromSockAddr failed on netmask
ChromeDriver was started successfully.
[1600056326.940][WARNING]: This version of ChromeDriver has not been tested with Chrome version 85.
thg 9 14, 2020 11:05:26 SA org.openqa.selenium.remote.ProtocolHandshake createSession
INFO: Detected dialect: W3C
[main] ERROR net.thucydides.core.steps.ConsoleLoggingListener - 
TEST FAILED WITH ERROR: ??t l?nh th?nh c?ng trong tr??ng h?p mode l? Quick Order v? c? X?c nh?n

[main] ERROR net.thucydides.core.steps.ConsoleLoggingListener - TEST FAILED AT STEP Click later
[main] ERROR net.thucydides.core.steps.ConsoleLoggingListener - 
]]></system-err>
  </testcase>
  <testcase name="Đặt lệnh thành công trong trường hợp mode là Quick Order và không Xác nhận" classname="Đặt lệnh" time="12.529">
    <error message="java.lang.reflect.InvocationTargetException&#10;Build info: version: &apos;3.141.59&apos;, revision: &apos;e82be7d358&apos;, time: &apos;2018-11-14T08:17:03&apos;&#10;System info: host: &apos;Phuongs-Mac.local&apos;, ip: &apos;fe80:0:0:0:4ad:7742:2374:4710%en0&apos;, os.name: &apos;Mac OS X&apos;, os.arch: &apos;x86_64&apos;, os.version: &apos;10.15.6&apos;, java.version: &apos;14.0.1&apos;&#10;Driver info: driver.version: RemoteWebDriver" type="org.openqa.selenium.json.JsonException">org.openqa.selenium.json.JsonException: 
java.lang.reflect.InvocationTargetException
Build info: version: '3.141.59', revision: 'e82be7d358', time: '2018-11-14T08:17:03'
System info: host: 'Phuongs-Mac.local', ip: 'fe80:0:0:0:4ad:7742:2374:4710%en0', os.name: 'Mac OS X', os.arch: 'x86_64', os.version: '10.15.6', java.version: '14.0.1'
Driver info: driver.version: RemoteWebDriver
Caused by: java.lang.reflect.InvocationTargetException
Caused by: org.openqa.selenium.NoSuchElementException: 
no such element: Unable to locate element: {"method":"xpath","selector":"//button[contains(text(),'sau')]"}
  (Session info: chrome=85.0.4183.102)
For documentation on this error, please visit: https://www.seleniumhq.org/exceptions/no_such_element.html
Build info: version: '3.141.59', revision: 'e82be7d358', time: '2018-11-14T08:17:03'
System info: host: 'Phuongs-Mac.local', ip: 'fe80:0:0:0:4ad:7742:2374:4710%en0', os.name: 'Mac OS X', os.arch: 'x86_64', os.version: '10.15.6', java.version: '14.0.1'
Driver info: org.openqa.selenium.chrome.ChromeDriver
Capabilities {acceptInsecureCerts: false, browserName: chrome, browserVersion: 85.0.4183.102, chrome: {chromedriverVersion: 84.0.4147.30 (48b3e868b4cc0..., userDataDir: /var/folders/gy/cp_tf2_j5wn...}, goog:chromeOptions: {debuggerAddress: localhost:60807}, javascriptEnabled: true, networkConnectionEnabled: false, pageLoadStrategy: normal, platform: MAC, platformName: MAC, proxy: Proxy(), setWindowRect: true, strictFileInteractability: false, timeouts: {implicit: 0, pageLoad: 300000, script: 30000}, unhandledPromptBehavior: dismiss and notify, webauthn:virtualAuthenticators: true}
Session ID: a6ba8f579c1b7378cf41fe91d184fefc
*** Element info: {Using=xpath, value=//button[contains(text(),'sau')]}
</error>
    <system-out><![CDATA[#BID>td.priceCell
]]></system-out>
    <system-err><![CDATA[[main] INFO net.thucydides.core.steps.ConsoleLoggingListener - 
TEST STARTED: ??t l?nh th?nh c?ng trong tr??ng h?p mode l? Quick Order v? kh?ng X?c nh?n
(??t-l?nh;??t-l?nh-th?nh-c?ng-trong-tr??ng-h?p-mode-l?-quick-order-v?-kh?ng-x?c-nh?n)
thg 9 14, 2020 11:05:39 SA org.openqa.selenium.remote.DesiredCapabilities chrome
INFO: Using `new ChromeOptions()` is preferred to `DesiredCapabilities.chrome()`
[main] INFO net.serenitybdd.core.webdriver.driverproviders.ProvideNewDriver - Instantiating driver
[main] INFO net.serenitybdd.core.webdriver.driverproviders.ProvideNewDriver - Driver capabilities: Capabilities {acceptInsecureCerts: false, browserName: chrome, chrome.switches: --start-maximized;--enable-..., goog:chromeOptions: {args: [--start-maximized, --enable-automation, --no-sandbox, --disable-popup-blocking, --disable-default-apps, --disable-infobars, --disable-gpu, --disable-extensions, --enable-automation, --test-type], extensions: []}, loggingPrefs: org.openqa.selenium.logging..., platform: ANY, version: }
Starting ChromeDriver 84.0.4147.30 (48b3e868b4cc0aa7e8149519690b6f6949e110a8-refs/branch-heads/4147@{#310}) on port 27871
Only local connections are allowed.
Please see https://chromedriver.chromium.org/security-considerations for suggestions on keeping ChromeDriver safe.
[1600056340.080][WARNING]: FromSockAddr failed on netmask
ChromeDriver was started successfully.
[1600056341.163][WARNING]: This version of ChromeDriver has not been tested with Chrome version 85.
thg 9 14, 2020 11:05:41 SA org.openqa.selenium.remote.ProtocolHandshake createSession
INFO: Detected dialect: W3C
[main] ERROR net.thucydides.core.steps.ConsoleLoggingListener - 
TEST FAILED WITH ERROR: ??t l?nh th?nh c?ng trong tr??ng h?p mode l? Quick Order v? kh?ng X?c nh?n

[main] ERROR net.thucydides.core.steps.ConsoleLoggingListener - TEST FAILED AT STEP Click later
[main] ERROR net.thucydides.core.steps.ConsoleLoggingListener - 
]]></system-err>
  </testcase>
  <testcase name="Đặt lệnh thành công trong trường hợp đã lưu PIN với mode là Quick Order và không Xác nhận" classname="Đặt lệnh" time="6.771">
    <error message="Index 6 out of bounds for length 0" type="java.lang.IndexOutOfBoundsException">java.lang.IndexOutOfBoundsException: Index 6 out of bounds for length 0
</error>
    <system-out><![CDATA[#BID>td.priceCell
]]></system-out>
    <system-err><![CDATA[[main] INFO net.thucydides.core.steps.ConsoleLoggingListener - 
TEST STARTED: ??t l?nh th?nh c?ng trong tr??ng h?p ?? l?u PIN v?i mode l? Quick Order v? kh?ng X?c nh?n
(??t-l?nh;??t-l?nh-th?nh-c?ng-trong-tr??ng-h?p-??-l?u-pin-v?i-mode-l?-quick-order-v?-kh?ng-x?c-nh?n)
thg 9 14, 2020 11:05:52 SA org.openqa.selenium.remote.DesiredCapabilities chrome
INFO: Using `new ChromeOptions()` is preferred to `DesiredCapabilities.chrome()`
[main] INFO net.serenitybdd.core.webdriver.driverproviders.ProvideNewDriver - Instantiating driver
[main] INFO net.serenitybdd.core.webdriver.driverproviders.ProvideNewDriver - Driver capabilities: Capabilities {acceptInsecureCerts: false, browserName: chrome, chrome.switches: --start-maximized;--enable-..., goog:chromeOptions: {args: [--start-maximized, --enable-automation, --no-sandbox, --disable-popup-blocking, --disable-default-apps, --disable-infobars, --disable-gpu, --disable-extensions, --enable-automation, --test-type], extensions: []}, loggingPrefs: org.openqa.selenium.logging..., platform: ANY, version: }
Starting ChromeDriver 84.0.4147.30 (48b3e868b4cc0aa7e8149519690b6f6949e110a8-refs/branch-heads/4147@{#310}) on port 6894
Only local connections are allowed.
Please see https://chromedriver.chromium.org/security-considerations for suggestions on keeping ChromeDriver safe.
[1600056352.615][WARNING]: FromSockAddr failed on netmask
ChromeDriver was started successfully.
[1600056353.602][WARNING]: This version of ChromeDriver has not been tested with Chrome version 85.
thg 9 14, 2020 11:05:53 SA org.openqa.selenium.remote.ProtocolHandshake createSession
INFO: Detected dialect: W3C
[main] ERROR net.thucydides.core.steps.ConsoleLoggingListener - 
TEST FAILED WITH ERROR: ??t l?nh th?nh c?ng trong tr??ng h?p ?? l?u PIN v?i mode l? Quick Order v? kh?ng X?c nh?n

[main] ERROR net.thucydides.core.steps.ConsoleLoggingListener - TEST FAILED AT STEP Double click on ticker symbol: BID
[main] ERROR net.thucydides.core.steps.ConsoleLoggingListener - Index 6 out of bounds for length 0
]]></system-err>
  </testcase>
  <testcase name="Đặt lệnh thành công trong trường hợp đã lưu PIN với mode là Normal Order và không Xác nhận" classname="Đặt lệnh" time="9.003">
    <error message="Index 9 out of bounds for length 0" type="java.lang.IndexOutOfBoundsException">java.lang.IndexOutOfBoundsException: Index 9 out of bounds for length 0
</error>
    <system-out><![CDATA[#BID>td.priceCell
]]></system-out>
    <system-err><![CDATA[[main] INFO net.thucydides.core.steps.ConsoleLoggingListener - 
TEST STARTED: ??t l?nh th?nh c?ng trong tr??ng h?p ?? l?u PIN v?i mode l? Normal Order v? kh?ng X?c nh?n
(??t-l?nh;??t-l?nh-th?nh-c?ng-trong-tr??ng-h?p-??-l?u-pin-v?i-mode-l?-normal-order-v?-kh?ng-x?c-nh?n)
thg 9 14, 2020 11:05:59 SA org.openqa.selenium.remote.DesiredCapabilities chrome
INFO: Using `new ChromeOptions()` is preferred to `DesiredCapabilities.chrome()`
[main] INFO net.serenitybdd.core.webdriver.driverproviders.ProvideNewDriver - Instantiating driver
[main] INFO net.serenitybdd.core.webdriver.driverproviders.ProvideNewDriver - Driver capabilities: Capabilities {acceptInsecureCerts: false, browserName: chrome, chrome.switches: --start-maximized;--enable-..., goog:chromeOptions: {args: [--start-maximized, --enable-automation, --no-sandbox, --disable-popup-blocking, --disable-default-apps, --disable-infobars, --disable-gpu, --disable-extensions, --enable-automation, --test-type], extensions: []}, loggingPrefs: org.openqa.selenium.logging..., platform: ANY, version: }
Starting ChromeDriver 84.0.4147.30 (48b3e868b4cc0aa7e8149519690b6f6949e110a8-refs/branch-heads/4147@{#310}) on port 43654
Only local connections are allowed.
Please see https://chromedriver.chromium.org/security-considerations for suggestions on keeping ChromeDriver safe.
[1600056359.381][WARNING]: FromSockAddr failed on netmask
ChromeDriver was started successfully.
[1600056360.245][WARNING]: This version of ChromeDriver has not been tested with Chrome version 85.
thg 9 14, 2020 11:06:00 SA org.openqa.selenium.remote.ProtocolHandshake createSession
INFO: Detected dialect: W3C
[main] ERROR net.thucydides.core.steps.ConsoleLoggingListener - 
TEST FAILED WITH ERROR: ??t l?nh th?nh c?ng trong tr??ng h?p ?? l?u PIN v?i mode l? Normal Order v? kh?ng X?c nh?n

[main] ERROR net.thucydides.core.steps.ConsoleLoggingListener - TEST FAILED AT STEP Double click on ticker symbol: BID
[main] ERROR net.thucydides.core.steps.ConsoleLoggingListener - Index 9 out of bounds for length 0
]]></system-err>
  </testcase>
</testsuite>